<?xml version="1.0" encoding="UTF-8"?><testsuite failures="1" name="cucumber.runtime.formatter.JUnitFormatter" skipped="0" tests="1" time="13.924053">
<testcase classname="To validate DemoBlaze Website by adding sony viao and dell products" name="To validate Functionality by adding sony viao and dell products to cart" time="13.924053">
<failure message="net.thucydides.core.webdriver.DriverConfigurationError: Could not instantiate class org.openqa.selenium.chrome.ChromeDriver&#13;&#10;&#9;at net.thucydides.core.webdriver.WebDriverFacade.newDriverInstance(WebDriverFacade.java:144)&#13;&#10;&#9;at net.thucydides.core.webdriver.WebDriverFacade.newProxyDriver(WebDriverFacade.java:132)&#13;&#10;&#9;at net.thucydides.core.webdriver.WebDriverFacade.getProxiedDriver(WebDriverFacade.java:102)&#13;&#10;&#9;at net.thucydides.core.webdriver.WebDriverFacade.get(WebDriverFacade.java:172)&#13;&#10;&#9;at net.serenitybdd.core.pages.PageObject.openPageAtUrl(PageObject.java:902)&#13;&#10;&#9;at net.serenitybdd.core.pages.PageObject.open(PageObject.java:803)&#13;&#10;&#9;at net.serenitybdd.core.pages.PageObject.open(PageObject.java:791)&#13;&#10;&#9;at com.demo.steps.CommonStepDefs.openWebPage(CommonStepDefs.java:17)&#13;&#10;&#9;at ✽.user logins to DemoBlaze webpage(src/test/resources/feature/DemoBlazeUI.feature:4)&#13;&#10;Caused by: net.thucydides.core.webdriver.DriverConfigurationError: Could not instantiate new WebDriver instance of type class org.openqa.selenium.chrome.ChromeDriver (session not created: This version of ChromeDriver only supports Chrome version 84&#10;Build info: version: '3.141.59', revision: 'e82be7d358', time: '2018-11-14T08:17:03'&#10;System info: host: 'ADMIN-PC', ip: '192.168.1.39', os.name: 'Windows 7', os.arch: 'x86', os.version: '6.1', java.version: '1.8.0_271'&#10;Driver info: driver.version: ProvideNewDriver&#10;remote stacktrace: Backtrace:&#10;&#9;Ordinal0 [0x00ED87E3+2852835]&#10;&#9;Ordinal0 [0x00DC5BB1+1727409]&#10;&#9;Ordinal0 [0x00C9E4B9+517305]&#10;&#9;Ordinal0 [0x00C30BA0+68512]&#10;&#9;Ordinal0 [0x00C2D3A0+54176]&#10;&#9;Ordinal0 [0x00C4D9F7+186871]&#10;&#9;Ordinal0 [0x00C4D7FD+186365]&#10;&#9;Ordinal0 [0x00C4B70B+177931]&#10;&#9;Ordinal0 [0x00C32584+75140]&#10;&#9;Ordinal0 [0x00C33650+79440]&#10;&#9;Ordinal0 [0x00C335E9+79337]&#10;&#9;Ordinal0 [0x00DDAD5C+1813852]&#10;&#9;GetHandleVerifier [0x00FFC616+1075574]&#10;&#9;GetHandleVerifier [0x00FFC367+1074887]&#10;&#9;GetHandleVerifier [0x01007497+1120247]&#10;&#9;GetHandleVerifier [0x00FFCC16+1077110]&#10;&#9;Ordinal0 [0x00DD3206+1782278]&#10;&#9;Ordinal0 [0x00DDC3BB+1819579]&#10;&#9;Ordinal0 [0x00DDC523+1819939]&#10;&#9;Ordinal0 [0x00DF2B45+1911621]&#10;&#9;BaseThreadInitThunk [0x754FEF8C+18]&#10;&#9;RtlInitializeExceptionChain [0x7721367A+239]&#10;&#9;RtlInitializeExceptionChain [0x7721364D+194]&#10;). See below for more details.&#13;&#10;&#9;at net.thucydides.core.webdriver.WebDriverFactory.newWebdriverInstance(WebDriverFactory.java:158)&#13;&#10;&#9;at net.thucydides.core.webdriver.WebDriverFacade.newDriverInstance(WebDriverFacade.java:141)&#13;&#10;&#9;at net.thucydides.core.webdriver.WebDriverFacade.newProxyDriver(WebDriverFacade.java:132)&#13;&#10;&#9;at net.thucydides.core.webdriver.WebDriverFacade.getProxiedDriver(WebDriverFacade.java:102)&#13;&#10;&#9;at net.thucydides.core.webdriver.WebDriverFacade.get(WebDriverFacade.java:172)&#13;&#10;&#9;at net.serenitybdd.core.pages.PageObject.openPageAtUrl(PageObject.java:902)&#13;&#10;&#9;at net.serenitybdd.core.pages.PageObject.open(PageObject.java:803)&#13;&#10;&#9;at net.serenitybdd.core.pages.PageObject.open(PageObject.java:791)&#13;&#10;&#9;at com.demo.steps.CommonStepDefs.openWebPage(CommonStepDefs.java:17)&#13;&#10;&#9;at sun.reflect.NativeMethodAccessorImpl.invoke0(Native Method)&#13;&#10;&#9;at sun.reflect.NativeMethodAccessorImpl.invoke(Unknown Source)&#13;&#10;&#9;at sun.reflect.DelegatingMethodAccessorImpl.invoke(Unknown Source)&#13;&#10;&#9;at java.lang.reflect.Method.invoke(Unknown Source)&#13;&#10;&#9;at cucumber.runtime.Utils$1.call(Utils.java:31)&#13;&#10;&#9;at cucumber.runtime.Timeout.timeout(Timeout.java:16)&#13;&#10;&#9;at cucumber.runtime.Utils.invoke(Utils.java:25)&#13;&#10;&#9;at cucumber.runtime.java.JavaStepDefinition.execute(JavaStepDefinition.java:37)&#13;&#10;&#9;at cucumber.runtime.StepDefinitionMatch.runStep(StepDefinitionMatch.java:40)&#13;&#10;&#9;at cucumber.api.TestStep.executeStep(TestStep.java:102)&#13;&#10;&#9;at cucumber.api.TestStep.run(TestStep.java:83)&#13;&#10;&#9;at cucumber.api.TestCase.run(TestCase.java:58)&#13;&#10;&#9;at cucumber.runner.Runner.runPickle(Runner.java:80)&#13;&#10;&#9;at cucumber.runtime.junit.PickleRunners$NoStepDescriptions.run(PickleRunners.java:140)&#13;&#10;&#9;at cucumber.runtime.junit.FeatureRunner.runChild(FeatureRunner.java:68)&#13;&#10;&#9;at cucumber.runtime.junit.FeatureRunner.runChild(FeatureRunner.java:23)&#13;&#10;&#9;at org.junit.runners.ParentRunner$3.run(ParentRunner.java:290)&#13;&#10;&#9;at org.junit.runners.ParentRunner$1.schedule(ParentRunner.java:71)&#13;&#10;&#9;at org.junit.runners.ParentRunner.runChildren(ParentRunner.java:288)&#13;&#10;&#9;at org.junit.runners.ParentRunner.access$000(ParentRunner.java:58)&#13;&#10;&#9;at org.junit.runners.ParentRunner$2.evaluate(ParentRunner.java:268)&#13;&#10;&#9;at org.junit.runners.ParentRunner.run(ParentRunner.java:363)&#13;&#10;&#9;at cucumber.runtime.junit.FeatureRunner.run(FeatureRunner.java:73)&#13;&#10;&#9;at cucumber.api.junit.Cucumber.runChild(Cucumber.java:118)&#13;&#10;&#9;at cucumber.api.junit.Cucumber.runChild(Cucumber.java:56)&#13;&#10;&#9;at org.junit.runners.ParentRunner$3.run(ParentRunner.java:290)&#13;&#10;&#9;at org.junit.runners.ParentRunner$1.schedule(ParentRunner.java:71)&#13;&#10;&#9;at org.junit.runners.ParentRunner.runChildren(ParentRunner.java:288)&#13;&#10;&#9;at org.junit.runners.ParentRunner.access$000(ParentRunner.java:58)&#13;&#10;&#9;at org.junit.runners.ParentRunner$2.evaluate(ParentRunner.java:268)&#13;&#10;&#9;at cucumber.api.junit.Cucumber$1.evaluate(Cucumber.java:127)&#13;&#10;&#9;at org.junit.runners.ParentRunner.run(ParentRunner.java:363)&#13;&#10;&#9;at org.eclipse.jdt.internal.junit4.runner.JUnit4TestReference.run(JUnit4TestReference.java:50)&#13;&#10;&#9;at org.eclipse.jdt.internal.junit.runner.TestExecution.run(TestExecution.java:38)&#13;&#10;&#9;at org.eclipse.jdt.internal.junit.runner.RemoteTestRunner.runTests(RemoteTestRunner.java:467)&#13;&#10;&#9;at org.eclipse.jdt.internal.junit.runner.RemoteTestRunner.runTests(RemoteTestRunner.java:683)&#13;&#10;&#9;at org.eclipse.jdt.internal.junit.runner.RemoteTestRunner.run(RemoteTestRunner.java:390)&#13;&#10;&#9;at org.eclipse.jdt.internal.junit.runner.RemoteTestRunner.main(RemoteTestRunner.java:197)&#13;&#10;Caused by: org.openqa.selenium.SessionNotCreatedException: session not created: This version of ChromeDriver only supports Chrome version 84&#10;Build info: version: '3.141.59', revision: 'e82be7d358', time: '2018-11-14T08:17:03'&#10;System info: host: 'ADMIN-PC', ip: '192.168.1.39', os.name: 'Windows 7', os.arch: 'x86', os.version: '6.1', java.version: '1.8.0_271'&#10;Driver info: driver.version: ProvideNewDriver&#10;remote stacktrace: Backtrace:&#10;&#9;Ordinal0 [0x00ED87E3+2852835]&#10;&#9;Ordinal0 [0x00DC5BB1+1727409]&#10;&#9;Ordinal0 [0x00C9E4B9+517305]&#10;&#9;Ordinal0 [0x00C30BA0+68512]&#10;&#9;Ordinal0 [0x00C2D3A0+54176]&#10;&#9;Ordinal0 [0x00C4D9F7+186871]&#10;&#9;Ordinal0 [0x00C4D7FD+186365]&#10;&#9;Ordinal0 [0x00C4B70B+177931]&#10;&#9;Ordinal0 [0x00C32584+75140]&#10;&#9;Ordinal0 [0x00C33650+79440]&#10;&#9;Ordinal0 [0x00C335E9+79337]&#10;&#9;Ordinal0 [0x00DDAD5C+1813852]&#10;&#9;GetHandleVerifier [0x00FFC616+1075574]&#10;&#9;GetHandleVerifier [0x00FFC367+1074887]&#10;&#9;GetHandleVerifier [0x01007497+1120247]&#10;&#9;GetHandleVerifier [0x00FFCC16+1077110]&#10;&#9;Ordinal0 [0x00DD3206+1782278]&#10;&#9;Ordinal0 [0x00DDC3BB+1819579]&#10;&#9;Ordinal0 [0x00DDC523+1819939]&#10;&#9;Ordinal0 [0x00DF2B45+1911621]&#10;&#9;BaseThreadInitThunk [0x754FEF8C+18]&#10;&#9;RtlInitializeExceptionChain [0x7721367A+239]&#10;&#9;RtlInitializeExceptionChain [0x7721364D+194]&#10;&#13;&#10;&#9;at sun.reflect.NativeConstructorAccessorImpl.newInstance0(Native Method)&#13;&#10;&#9;at sun.reflect.NativeConstructorAccessorImpl.newInstance(Unknown Source)&#13;&#10;&#9;at sun.reflect.DelegatingConstructorAccessorImpl.newInstance(Unknown Source)&#13;&#10;&#9;at java.lang.reflect.Constructor.newInstance(Unknown Source)&#13;&#10;&#9;at org.openqa.selenium.remote.W3CHandshakeResponse.lambda$errorHandler$0(W3CHandshakeResponse.java:62)&#13;&#10;&#9;at org.openqa.selenium.remote.HandshakeResponse.lambda$getResponseFunction$0(HandshakeResponse.java:30)&#13;&#10;&#9;at org.openqa.selenium.remote.ProtocolHandshake.lambda$createSession$0(ProtocolHandshake.java:126)&#13;&#10;&#9;at java.util.stream.ReferencePipeline$3$1.accept(Unknown Source)&#13;&#10;&#9;at java.util.Spliterators$ArraySpliterator.tryAdvance(Unknown Source)&#13;&#10;&#9;at java.util.stream.ReferencePipeline.forEachWithCancel(Unknown Source)&#13;&#10;&#9;at java.util.stream.AbstractPipeline.copyIntoWithCancel(Unknown Source)&#13;&#10;&#9;at java.util.stream.AbstractPipeline.copyInto(Unknown Source)&#13;&#10;&#9;at java.util.stream.AbstractPipeline.wrapAndCopyInto(Unknown Source)&#13;&#10;&#9;at java.util.stream.FindOps$FindOp.evaluateSequential(Unknown Source)&#13;&#10;&#9;at java.util.stream.AbstractPipeline.evaluate(Unknown Source)&#13;&#10;&#9;at java.util.stream.ReferencePipeline.findFirst(Unknown Source)&#13;&#10;&#9;at org.openqa.selenium.remote.ProtocolHandshake.createSession(ProtocolHandshake.java:128)&#13;&#10;&#9;at org.openqa.selenium.remote.ProtocolHandshake.createSession(ProtocolHandshake.java:74)&#13;&#10;&#9;at org.openqa.selenium.remote.HttpCommandExecutor.execute(HttpCommandExecutor.java:136)&#13;&#10;&#9;at org.openqa.selenium.remote.service.DriverCommandExecutor.execute(DriverCommandExecutor.java:83)&#13;&#10;&#9;at org.openqa.selenium.remote.RemoteWebDriver.execute(RemoteWebDriver.java:552)&#13;&#10;&#9;at org.openqa.selenium.remote.RemoteWebDriver.startSession(RemoteWebDriver.java:213)&#13;&#10;&#9;at org.openqa.selenium.remote.RemoteWebDriver.&lt;init&gt;(RemoteWebDriver.java:131)&#13;&#10;&#9;at org.openqa.selenium.chrome.ChromeDriver.&lt;init&gt;(ChromeDriver.java:181)&#13;&#10;&#9;at org.openqa.selenium.chrome.ChromeDriver.&lt;init&gt;(ChromeDriver.java:168)&#13;&#10;&#9;at org.openqa.selenium.chrome.ChromeDriver.&lt;init&gt;(ChromeDriver.java:157)&#13;&#10;&#9;at net.serenitybdd.core.webdriver.driverproviders.ChromeDriverProvider.lambda$newInstance$0(ChromeDriverProvider.java:64)&#13;&#10;&#9;at net.serenitybdd.core.webdriver.driverproviders.ProvideNewDriver.withConfiguration(ProvideNewDriver.java:40)&#13;&#10;&#9;at net.serenitybdd.core.webdriver.driverproviders.ChromeDriverProvider.newInstance(ChromeDriverProvider.java:60)&#13;&#10;&#9;at net.thucydides.core.webdriver.WebDriverFactory.createWebDriver(WebDriverFactory.java:169)&#13;&#10;&#9;at net.thucydides.core.webdriver.WebDriverFactory.newWebdriverInstance(WebDriverFactory.java:150)&#13;&#10;&#9;... 46 more&#13;&#10;"><![CDATA[Given user logins to DemoBlaze webpage......................................failed
When user adds "Sony vaio i5" to the cart...................................skipped
And user navigates back to Home screen......................................skipped
And user adds "Dell i7 8gb" to the cart.....................................skipped
And user navigate back to cart screen.......................................skipped
And user delete item from "1" row and "4" column............................skipped
And user click on "Place Order" button......................................skipped
And user save total amount..................................................skipped
And user fill the user form using...........................................skipped
And user click on "Purchase" button.........................................skipped
Then user capture LogId and assert total amount.............................skipped
And user click on "OK" button...............................................skipped

StackTrace:
net.thucydides.core.webdriver.DriverConfigurationError: Could not instantiate class org.openqa.selenium.chrome.ChromeDriver
	at net.thucydides.core.webdriver.WebDriverFacade.newDriverInstance(WebDriverFacade.java:144)
	at net.thucydides.core.webdriver.WebDriverFacade.newProxyDriver(WebDriverFacade.java:132)
	at net.thucydides.core.webdriver.WebDriverFacade.getProxiedDriver(WebDriverFacade.java:102)
	at net.thucydides.core.webdriver.WebDriverFacade.get(WebDriverFacade.java:172)
	at net.serenitybdd.core.pages.PageObject.openPageAtUrl(PageObject.java:902)
	at net.serenitybdd.core.pages.PageObject.open(PageObject.java:803)
	at net.serenitybdd.core.pages.PageObject.open(PageObject.java:791)
	at com.demo.steps.CommonStepDefs.openWebPage(CommonStepDefs.java:17)
	at ✽.user logins to DemoBlaze webpage(src/test/resources/feature/DemoBlazeUI.feature:4)
Caused by: net.thucydides.core.webdriver.DriverConfigurationError: Could not instantiate new WebDriver instance of type class org.openqa.selenium.chrome.ChromeDriver (session not created: This version of ChromeDriver only supports Chrome version 84
Build info: version: '3.141.59', revision: 'e82be7d358', time: '2018-11-14T08:17:03'
System info: host: 'ADMIN-PC', ip: '192.168.1.39', os.name: 'Windows 7', os.arch: 'x86', os.version: '6.1', java.version: '1.8.0_271'
Driver info: driver.version: ProvideNewDriver
remote stacktrace: Backtrace:
	Ordinal0 [0x00ED87E3+2852835]
	Ordinal0 [0x00DC5BB1+1727409]
	Ordinal0 [0x00C9E4B9+517305]
	Ordinal0 [0x00C30BA0+68512]
	Ordinal0 [0x00C2D3A0+54176]
	Ordinal0 [0x00C4D9F7+186871]
	Ordinal0 [0x00C4D7FD+186365]
	Ordinal0 [0x00C4B70B+177931]
	Ordinal0 [0x00C32584+75140]
	Ordinal0 [0x00C33650+79440]
	Ordinal0 [0x00C335E9+79337]
	Ordinal0 [0x00DDAD5C+1813852]
	GetHandleVerifier [0x00FFC616+1075574]
	GetHandleVerifier [0x00FFC367+1074887]
	GetHandleVerifier [0x01007497+1120247]
	GetHandleVerifier [0x00FFCC16+1077110]
	Ordinal0 [0x00DD3206+1782278]
	Ordinal0 [0x00DDC3BB+1819579]
	Ordinal0 [0x00DDC523+1819939]
	Ordinal0 [0x00DF2B45+1911621]
	BaseThreadInitThunk [0x754FEF8C+18]
	RtlInitializeExceptionChain [0x7721367A+239]
	RtlInitializeExceptionChain [0x7721364D+194]
). See below for more details.
	at net.thucydides.core.webdriver.WebDriverFactory.newWebdriverInstance(WebDriverFactory.java:158)
	at net.thucydides.core.webdriver.WebDriverFacade.newDriverInstance(WebDriverFacade.java:141)
	at net.thucydides.core.webdriver.WebDriverFacade.newProxyDriver(WebDriverFacade.java:132)
	at net.thucydides.core.webdriver.WebDriverFacade.getProxiedDriver(WebDriverFacade.java:102)
	at net.thucydides.core.webdriver.WebDriverFacade.get(WebDriverFacade.java:172)
	at net.serenitybdd.core.pages.PageObject.openPageAtUrl(PageObject.java:902)
	at net.serenitybdd.core.pages.PageObject.open(PageObject.java:803)
	at net.serenitybdd.core.pages.PageObject.open(PageObject.java:791)
	at com.demo.steps.CommonStepDefs.openWebPage(CommonStepDefs.java:17)
	at sun.reflect.NativeMethodAccessorImpl.invoke0(Native Method)
	at sun.reflect.NativeMethodAccessorImpl.invoke(Unknown Source)
	at sun.reflect.DelegatingMethodAccessorImpl.invoke(Unknown Source)
	at java.lang.reflect.Method.invoke(Unknown Source)
	at cucumber.runtime.Utils$1.call(Utils.java:31)
	at cucumber.runtime.Timeout.timeout(Timeout.java:16)
	at cucumber.runtime.Utils.invoke(Utils.java:25)
	at cucumber.runtime.java.JavaStepDefinition.execute(JavaStepDefinition.java:37)
	at cucumber.runtime.StepDefinitionMatch.runStep(StepDefinitionMatch.java:40)
	at cucumber.api.TestStep.executeStep(TestStep.java:102)
	at cucumber.api.TestStep.run(TestStep.java:83)
	at cucumber.api.TestCase.run(TestCase.java:58)
	at cucumber.runner.Runner.runPickle(Runner.java:80)
	at cucumber.runtime.junit.PickleRunners$NoStepDescriptions.run(PickleRunners.java:140)
	at cucumber.runtime.junit.FeatureRunner.runChild(FeatureRunner.java:68)
	at cucumber.runtime.junit.FeatureRunner.runChild(FeatureRunner.java:23)
	at org.junit.runners.ParentRunner$3.run(ParentRunner.java:290)
	at org.junit.runners.ParentRunner$1.schedule(ParentRunner.java:71)
	at org.junit.runners.ParentRunner.runChildren(ParentRunner.java:288)
	at org.junit.runners.ParentRunner.access$000(ParentRunner.java:58)
	at org.junit.runners.ParentRunner$2.evaluate(ParentRunner.java:268)
	at org.junit.runners.ParentRunner.run(ParentRunner.java:363)
	at cucumber.runtime.junit.FeatureRunner.run(FeatureRunner.java:73)
	at cucumber.api.junit.Cucumber.runChild(Cucumber.java:118)
	at cucumber.api.junit.Cucumber.runChild(Cucumber.java:56)
	at org.junit.runners.ParentRunner$3.run(ParentRunner.java:290)
	at org.junit.runners.ParentRunner$1.schedule(ParentRunner.java:71)
	at org.junit.runners.ParentRunner.runChildren(ParentRunner.java:288)
	at org.junit.runners.ParentRunner.access$000(ParentRunner.java:58)
	at org.junit.runners.ParentRunner$2.evaluate(ParentRunner.java:268)
	at cucumber.api.junit.Cucumber$1.evaluate(Cucumber.java:127)
	at org.junit.runners.ParentRunner.run(ParentRunner.java:363)
	at org.eclipse.jdt.internal.junit4.runner.JUnit4TestReference.run(JUnit4TestReference.java:50)
	at org.eclipse.jdt.internal.junit.runner.TestExecution.run(TestExecution.java:38)
	at org.eclipse.jdt.internal.junit.runner.RemoteTestRunner.runTests(RemoteTestRunner.java:467)
	at org.eclipse.jdt.internal.junit.runner.RemoteTestRunner.runTests(RemoteTestRunner.java:683)
	at org.eclipse.jdt.internal.junit.runner.RemoteTestRunner.run(RemoteTestRunner.java:390)
	at org.eclipse.jdt.internal.junit.runner.RemoteTestRunner.main(RemoteTestRunner.java:197)
Caused by: org.openqa.selenium.SessionNotCreatedException: session not created: This version of ChromeDriver only supports Chrome version 84
Build info: version: '3.141.59', revision: 'e82be7d358', time: '2018-11-14T08:17:03'
System info: host: 'ADMIN-PC', ip: '192.168.1.39', os.name: 'Windows 7', os.arch: 'x86', os.version: '6.1', java.version: '1.8.0_271'
Driver info: driver.version: ProvideNewDriver
remote stacktrace: Backtrace:
	Ordinal0 [0x00ED87E3+2852835]
	Ordinal0 [0x00DC5BB1+1727409]
	Ordinal0 [0x00C9E4B9+517305]
	Ordinal0 [0x00C30BA0+68512]
	Ordinal0 [0x00C2D3A0+54176]
	Ordinal0 [0x00C4D9F7+186871]
	Ordinal0 [0x00C4D7FD+186365]
	Ordinal0 [0x00C4B70B+177931]
	Ordinal0 [0x00C32584+75140]
	Ordinal0 [0x00C33650+79440]
	Ordinal0 [0x00C335E9+79337]
	Ordinal0 [0x00DDAD5C+1813852]
	GetHandleVerifier [0x00FFC616+1075574]
	GetHandleVerifier [0x00FFC367+1074887]
	GetHandleVerifier [0x01007497+1120247]
	GetHandleVerifier [0x00FFCC16+1077110]
	Ordinal0 [0x00DD3206+1782278]
	Ordinal0 [0x00DDC3BB+1819579]
	Ordinal0 [0x00DDC523+1819939]
	Ordinal0 [0x00DF2B45+1911621]
	BaseThreadInitThunk [0x754FEF8C+18]
	RtlInitializeExceptionChain [0x7721367A+239]
	RtlInitializeExceptionChain [0x7721364D+194]

	at sun.reflect.NativeConstructorAccessorImpl.newInstance0(Native Method)
	at sun.reflect.NativeConstructorAccessorImpl.newInstance(Unknown Source)
	at sun.reflect.DelegatingConstructorAccessorImpl.newInstance(Unknown Source)
	at java.lang.reflect.Constructor.newInstance(Unknown Source)
	at org.openqa.selenium.remote.W3CHandshakeResponse.lambda$errorHandler$0(W3CHandshakeResponse.java:62)
	at org.openqa.selenium.remote.HandshakeResponse.lambda$getResponseFunction$0(HandshakeResponse.java:30)
	at org.openqa.selenium.remote.ProtocolHandshake.lambda$createSession$0(ProtocolHandshake.java:126)
	at java.util.stream.ReferencePipeline$3$1.accept(Unknown Source)
	at java.util.Spliterators$ArraySpliterator.tryAdvance(Unknown Source)
	at java.util.stream.ReferencePipeline.forEachWithCancel(Unknown Source)
	at java.util.stream.AbstractPipeline.copyIntoWithCancel(Unknown Source)
	at java.util.stream.AbstractPipeline.copyInto(Unknown Source)
	at java.util.stream.AbstractPipeline.wrapAndCopyInto(Unknown Source)
	at java.util.stream.FindOps$FindOp.evaluateSequential(Unknown Source)
	at java.util.stream.AbstractPipeline.evaluate(Unknown Source)
	at java.util.stream.ReferencePipeline.findFirst(Unknown Source)
	at org.openqa.selenium.remote.ProtocolHandshake.createSession(ProtocolHandshake.java:128)
	at org.openqa.selenium.remote.ProtocolHandshake.createSession(ProtocolHandshake.java:74)
	at org.openqa.selenium.remote.HttpCommandExecutor.execute(HttpCommandExecutor.java:136)
	at org.openqa.selenium.remote.service.DriverCommandExecutor.execute(DriverCommandExecutor.java:83)
	at org.openqa.selenium.remote.RemoteWebDriver.execute(RemoteWebDriver.java:552)
	at org.openqa.selenium.remote.RemoteWebDriver.startSession(RemoteWebDriver.java:213)
	at org.openqa.selenium.remote.RemoteWebDriver.<init>(RemoteWebDriver.java:131)
	at org.openqa.selenium.chrome.ChromeDriver.<init>(ChromeDriver.java:181)
	at org.openqa.selenium.chrome.ChromeDriver.<init>(ChromeDriver.java:168)
	at org.openqa.selenium.chrome.ChromeDriver.<init>(ChromeDriver.java:157)
	at net.serenitybdd.core.webdriver.driverproviders.ChromeDriverProvider.lambda$newInstance$0(ChromeDriverProvider.java:64)
	at net.serenitybdd.core.webdriver.driverproviders.ProvideNewDriver.withConfiguration(ProvideNewDriver.java:40)
	at net.serenitybdd.core.webdriver.driverproviders.ChromeDriverProvider.newInstance(ChromeDriverProvider.java:60)
	at net.thucydides.core.webdriver.WebDriverFactory.createWebDriver(WebDriverFactory.java:169)
	at net.thucydides.core.webdriver.WebDriverFactory.newWebdriverInstance(WebDriverFactory.java:150)
	... 46 more
]]></failure>
</testcase>
</testsuite>
